*** Using Compiler 'V6.21', folder: 'C:\Keil_v5\ARM\ARMCLANG\Bin'
Rebuild target 'TIMER-PWM'
compiling dl_dac12.c...
compiling dl_aes.c...
compiling dl_adc12.c...
compiling dl_crc.c...
compiling dl_dma.c...
compiling dl_common.c...
assembling startup_mspm0l1306_uvision.s...
compiling dl_mathacl.c...
compiling dl_flashctl.c...
compiling dl_mcan.c...
compiling dl_rtc.c...
compiling dl_i2c.c...
compiling dl_opa.c...
compiling ti_msp_dl_config.c...
compiling main.c...
compiling dl_spi.c...
compiling dl_timer.c...
compiling dl_trng.c...
compiling dl_vref.c...
compiling dl_interrupt.c...
compiling dl_sysctl_mspm0l11xx_l13xx.c...
compiling dl_uart.c...
linking...
Program Size: Code=3396 RO-data=244 RW-data=0 ZI-data=352  
FromELF: creating hex file...
".\Objects\TIMEREXAMPLE.axf" - 0 Error(s), 0 Warning(s).
Build Time Elapsed:  00:00:03
